<?xml version="1.0" encoding="UTF-8"?>
<!-- Generated by org.testng.reporters.JUnitXMLReporter -->
<testsuite ignored="1" hostname="DESKTOP-FS074I6" failures="0" tests="1" name="Test" time="5.978" errors="0" timestamp="2026-02-23T20:04:20 IST">
  <testcase classname="testcases.LoginTest" name="verify_login" time="2.166"/>
  <testcase classname="testcases.AccountRegistrationTest" name="verify_account_registration" time="0.0">
    <ignored/>
  </testcase> <!-- verify_account_registration -->
</testsuite> <!-- Test -->
