<?xml version="1.0" encoding="UTF-8"?>
<testng-results ignored="0" total="1" passed="1" failed="0" skipped="0">
  <reporter-output>
  </reporter-output>
  <suite started-at="2026-02-22T00:24:45 IST" name="Surefire suite" finished-at="2026-02-22T00:24:55 IST" duration-ms="9641">
    <groups>
    </groups>
    <test started-at="2026-02-22T00:24:45 IST" name="Surefire test" finished-at="2026-02-22T00:24:55 IST" duration-ms="9641">
      <class name="testcases.AccountRegistrationTest">
        <test-method is-config="true" signature="setup()[pri:0, instance:testcases.AccountRegistrationTest@a307a8c]" started-at="2026-02-22T00:24:45 IST" name="setup" finished-at="2026-02-22T00:24:51 IST" duration-ms="6168" status="PASS">
          <reporter-output>
          </reporter-output>
        </test-method> <!-- setup -->
        <test-method signature="verify_account_registration()[pri:0, instance:testcases.AccountRegistrationTest@a307a8c]" started-at="2026-02-22T00:24:51 IST" name="verify_account_registration" finished-at="2026-02-22T00:24:55 IST" duration-ms="3091" status="PASS">
          <reporter-output>
          </reporter-output>
        </test-method> <!-- verify_account_registration -->
        <test-method is-config="true" signature="tearDown()[pri:0, instance:testcases.AccountRegistrationTest@a307a8c]" started-at="2026-02-22T00:24:55 IST" name="tearDown" finished-at="2026-02-22T00:24:55 IST" duration-ms="322" status="PASS">
          <reporter-output>
          </reporter-output>
        </test-method> <!-- tearDown -->
      </class> <!-- testcases.AccountRegistrationTest -->
    </test> <!-- Surefire test -->
  </suite> <!-- Surefire suite -->
</testng-results>
