<?xml version="1.0" encoding="UTF-8"?>
<testng-results ignored="1" total="2" passed="1" failed="0" skipped="0">
  <reporter-output>
  </reporter-output>
  <suite started-at="2026-02-23T20:04:14 IST" name="Suite" finished-at="2026-02-23T20:04:20 IST" duration-ms="5978">
    <groups>
      <group name="Master">
        <method signature="LoginTest.verify_login()[pri:0, instance:testcases.LoginTest@3bd323e9]" name="verify_login" class="testcases.LoginTest"/>
      </group> <!-- Master -->
      <group name="Sanity">
        <method signature="LoginTest.verify_login()[pri:0, instance:testcases.LoginTest@3bd323e9]" name="verify_login" class="testcases.LoginTest"/>
      </group> <!-- Sanity -->
    </groups>
    <test started-at="2026-02-23T20:04:14 IST" name="Test" finished-at="2026-02-23T20:04:20 IST" duration-ms="5978">
      <class name="testcases.LoginTest">
        <test-method is-config="true" signature="setup(java.lang.String,java.lang.String)[pri:0, instance:testcases.LoginTest@3bd323e9]" started-at="2026-02-23T20:04:14 IST" name="setup" finished-at="2026-02-23T20:04:17 IST" duration-ms="3450" status="PASS">
          <params>
            <param index="0">
              <value>
                <![CDATA[Windows]]>
              </value>
            </param>
            <param index="1">
              <value>
                <![CDATA[chrome]]>
              </value>
            </param>
          </params>
          <reporter-output>
          </reporter-output>
        </test-method> <!-- setup -->
        <test-method signature="verify_login()[pri:0, instance:testcases.LoginTest@3bd323e9]" started-at="2026-02-23T20:04:17 IST" name="verify_login" finished-at="2026-02-23T20:04:19 IST" duration-ms="2166" status="PASS">
          <reporter-output>
          </reporter-output>
        </test-method> <!-- verify_login -->
        <test-method is-config="true" signature="tearDown()[pri:0, instance:testcases.LoginTest@3bd323e9]" started-at="2026-02-23T20:04:19 IST" name="tearDown" finished-at="2026-02-23T20:04:20 IST" duration-ms="279" status="PASS">
          <reporter-output>
          </reporter-output>
        </test-method> <!-- tearDown -->
      </class> <!-- testcases.LoginTest -->
    </test> <!-- Test -->
  </suite> <!-- Suite -->
</testng-results>
