<?xml version="1.0" encoding="UTF-8"?>
<!-- Generated by org.testng.reporters.JUnitReportReporter -->
<testsuite hostname="DESKTOP-FS074I6" failures="0" tests="6" name="testcases.LoginDDT" time="22.806" errors="0" timestamp="2026-02-23T19:32:20 IST" skipped="0">
  <testcase classname="testcases.LoginDDT" name="verify_loginDDT" time="6.832"/>
  <testcase classname="testcases.LoginDDT" name="verify_loginDDT" time="1.925"/>
  <testcase classname="testcases.LoginDDT" name="verify_loginDDT" time="2.583"/>
  <testcase classname="testcases.LoginDDT" name="verify_loginDDT" time="3.067"/>
  <testcase classname="testcases.LoginDDT" name="verify_loginDDT" time="6.006"/>
  <testcase classname="testcases.LoginDDT" name="verify_loginDDT" time="2.393"/>
</testsuite> <!-- testcases.LoginDDT -->
